2020-06-16 15:06:52.956[restartedMain] INFO  [com.coderandyli.logger.LoggerApplication:675]  [,,,]  - No active profile set, falling back to default profiles: default
2020-06-16 15:06:53.058[restartedMain] INFO  [org.springframework.boot.devtools.env.DevToolsPropertyDefaultsPostProcessor:227]  [,,,]  - Devtools property defaults active! Set 'spring.devtools.add-properties' to 'false' to disable
2020-06-16 15:06:53.058[restartedMain] INFO  [org.springframework.boot.devtools.env.DevToolsPropertyDefaultsPostProcessor:227]  [,,,]  - For additional web related logging consider setting the 'logging.level.web' property to 'DEBUG'
2020-06-16 15:06:54.286[restartedMain] INFO  [org.springframework.boot.web.embedded.tomcat.TomcatWebServer:90]  [,,,]  - Tomcat initialized with port(s): 8080 (http)
2020-06-16 15:06:54.312[restartedMain] INFO  [org.apache.coyote.http11.Http11NioProtocol:173]  [,,,]  - Initializing ProtocolHandler ["http-nio-8080"]
2020-06-16 15:06:54.324[restartedMain] INFO  [org.apache.catalina.core.StandardService:173]  [,,,]  - Starting service [Tomcat]
2020-06-16 15:06:54.324[restartedMain] INFO  [org.apache.catalina.core.StandardEngine:173]  [,,,]  - Starting Servlet engine: [Apache Tomcat/9.0.14]
2020-06-16 15:06:54.333[restartedMain] INFO  [org.apache.catalina.core.AprLifecycleListener:173]  [,,,]  - The APR based Apache Tomcat Native library which allows optimal performance in production environments was not found on the java.library.path: [/Users/lizhen/Library/Java/Extensions:/Library/Java/Extensions:/Network/Library/Java/Extensions:/System/Library/Java/Extensions:/usr/lib/java:.]
2020-06-16 15:06:54.414[restartedMain] INFO  [org.apache.catalina.core.ContainerBase.[Tomcat].[localhost].[/]:173]  [,,,]  - Initializing Spring embedded WebApplicationContext
2020-06-16 15:06:54.414[restartedMain] INFO  [org.springframework.web.context.ContextLoader:296]  [,,,]  - Root WebApplicationContext: initialization completed in 1352 ms
2020-06-16 15:06:54.617[restartedMain] INFO  [org.springframework.scheduling.concurrent.ThreadPoolTaskExecutor:171]  [,,,]  - Initializing ExecutorService 'applicationTaskExecutor'
2020-06-16 15:06:54.754[restartedMain] INFO  [org.springframework.boot.devtools.autoconfigure.OptionalLiveReloadServer:57]  [,,,]  - LiveReload server is running on port 35729
2020-06-16 15:06:54.777[restartedMain] INFO  [org.apache.coyote.http11.Http11NioProtocol:173]  [,,,]  - Starting ProtocolHandler ["http-nio-8080"]
2020-06-16 15:06:54.813[restartedMain] INFO  [org.springframework.boot.web.embedded.tomcat.TomcatWebServer:204]  [,,,]  - Tomcat started on port(s): 8080 (http) with context path ''
2020-06-16 15:06:54.817[restartedMain] INFO  [com.coderandyli.logger.LoggerApplication:59]  [,,,]  - Started LoggerApplication in 2.419 seconds (JVM running for 4.2)
2020-06-16 15:07:10.764[http-nio-8080-exec-1] INFO  [org.apache.catalina.core.ContainerBase.[Tomcat].[localhost].[/]:173]  [,,,]  - Initializing Spring DispatcherServlet 'dispatcherServlet'
2020-06-16 15:07:10.764[http-nio-8080-exec-1] INFO  [org.springframework.web.servlet.DispatcherServlet:524]  [,,,]  - Initializing Servlet 'dispatcherServlet'
2020-06-16 15:07:10.771[http-nio-8080-exec-1] INFO  [org.springframework.web.servlet.DispatcherServlet:546]  [,,,]  - Completed initialization in 7 ms
2020-06-16 15:07:10.795[http-nio-8080-exec-1] INFO  [com.coderandyli.logger.TestContoller.TestContoller:18]  [,,,]  - console info
2020-06-16 15:07:10.796[http-nio-8080-exec-1] ERROR [com.coderandyli.logger.TestContoller.TestContoller:22]  [,,,]  - console error
2020-06-16 15:07:11.276[http-nio-8080-exec-2] INFO  [com.coderandyli.logger.TestContoller.TestContoller:18]  [,,,]  - console info
2020-06-16 15:07:11.277[http-nio-8080-exec-2] ERROR [com.coderandyli.logger.TestContoller.TestContoller:22]  [,,,]  - console error
2020-06-16 15:07:11.420[http-nio-8080-exec-3] INFO  [com.coderandyli.logger.TestContoller.TestContoller:18]  [,,,]  - console info
2020-06-16 15:07:11.421[http-nio-8080-exec-3] ERROR [com.coderandyli.logger.TestContoller.TestContoller:22]  [,,,]  - console error
2020-06-16 15:07:11.555[http-nio-8080-exec-4] INFO  [com.coderandyli.logger.TestContoller.TestContoller:18]  [,,,]  - console info
2020-06-16 15:07:11.555[http-nio-8080-exec-4] ERROR [com.coderandyli.logger.TestContoller.TestContoller:22]  [,,,]  - console error
2020-06-16 15:07:11.684[http-nio-8080-exec-6] INFO  [com.coderandyli.logger.TestContoller.TestContoller:18]  [,,,]  - console info
2020-06-16 15:07:11.684[http-nio-8080-exec-6] ERROR [com.coderandyli.logger.TestContoller.TestContoller:22]  [,,,]  - console error
2020-06-16 15:07:11.826[http-nio-8080-exec-5] INFO  [com.coderandyli.logger.TestContoller.TestContoller:18]  [,,,]  - console info
2020-06-16 15:07:11.827[http-nio-8080-exec-5] ERROR [com.coderandyli.logger.TestContoller.TestContoller:22]  [,,,]  - console error
2020-06-16 15:16:34.330[Thread-16] INFO  [org.springframework.scheduling.concurrent.ThreadPoolTaskExecutor:208]  [,,,]  - Shutting down ExecutorService 'applicationTaskExecutor'
2020-06-16 15:16:38.664[restartedMain] ERROR [org.springframework.boot.SpringApplication:858]  [,,,]  - Application run failed
java.lang.IllegalStateException: java.io.FileNotFoundException: /Users/lizhen/Desktop/git/github/code_repository/Logger/log4j2-config.xml (No such file or directory)
	at org.springframework.boot.context.logging.LoggingApplicationListener.initializeSystem(LoggingApplicationListener.java:305) ~[spring-boot-2.1.2.RELEASE.jar:2.1.2.RELEASE]
	at org.springframework.boot.context.logging.LoggingApplicationListener.initialize(LoggingApplicationListener.java:266) ~[spring-boot-2.1.2.RELEASE.jar:2.1.2.RELEASE]
	at org.springframework.boot.context.logging.LoggingApplicationListener.onApplicationEnvironmentPreparedEvent(LoggingApplicationListener.java:229) ~[spring-boot-2.1.2.RELEASE.jar:2.1.2.RELEASE]
	at org.springframework.boot.context.logging.LoggingApplicationListener.onApplicationEvent(LoggingApplicationListener.java:202) ~[spring-boot-2.1.2.RELEASE.jar:2.1.2.RELEASE]
	at org.springframework.context.event.SimpleApplicationEventMulticaster.doInvokeListener(SimpleApplicationEventMulticaster.java:172) ~[spring-context-5.1.4.RELEASE.jar:5.1.4.RELEASE]
	at org.springframework.context.event.SimpleApplicationEventMulticaster.invokeListener(SimpleApplicationEventMulticaster.java:165) ~[spring-context-5.1.4.RELEASE.jar:5.1.4.RELEASE]
	at org.springframework.context.event.SimpleApplicationEventMulticaster.multicastEvent(SimpleApplicationEventMulticaster.java:139) ~[spring-context-5.1.4.RELEASE.jar:5.1.4.RELEASE]
	at org.springframework.context.event.SimpleApplicationEventMulticaster.multicastEvent(SimpleApplicationEventMulticaster.java:127) ~[spring-context-5.1.4.RELEASE.jar:5.1.4.RELEASE]
	at org.springframework.boot.context.event.EventPublishingRunListener.environmentPrepared(EventPublishingRunListener.java:75) ~[spring-boot-2.1.2.RELEASE.jar:2.1.2.RELEASE]
	at org.springframework.boot.SpringApplicationRunListeners.environmentPrepared(SpringApplicationRunListeners.java:54) ~[spring-boot-2.1.2.RELEASE.jar:2.1.2.RELEASE]
	at org.springframework.boot.SpringApplication.prepareEnvironment(SpringApplication.java:347) ~[spring-boot-2.1.2.RELEASE.jar:2.1.2.RELEASE]
	at org.springframework.boot.SpringApplication.run(SpringApplication.java:306) ~[spring-boot-2.1.2.RELEASE.jar:2.1.2.RELEASE]
	at org.springframework.boot.SpringApplication.run(SpringApplication.java:1260) ~[spring-boot-2.1.2.RELEASE.jar:2.1.2.RELEASE]
	at org.springframework.boot.SpringApplication.run(SpringApplication.java:1248) ~[spring-boot-2.1.2.RELEASE.jar:2.1.2.RELEASE]
	at com.coderandyli.logger.LoggerApplication.main(LoggerApplication.java:10) ~[classes/:?]
	at sun.reflect.NativeMethodAccessorImpl.invoke0(Native Method) ~[?:1.8.0_191]
	at sun.reflect.NativeMethodAccessorImpl.invoke(NativeMethodAccessorImpl.java:62) ~[?:1.8.0_191]
	at sun.reflect.DelegatingMethodAccessorImpl.invoke(DelegatingMethodAccessorImpl.java:43) ~[?:1.8.0_191]
	at java.lang.reflect.Method.invoke(Method.java:498) ~[?:1.8.0_191]
	at org.springframework.boot.devtools.restart.RestartLauncher.run(RestartLauncher.java:49) ~[spring-boot-devtools-2.1.2.RELEASE.jar:2.1.2.RELEASE]
Caused by: java.io.FileNotFoundException: /Users/lizhen/Desktop/git/github/code_repository/Logger/log4j2-config.xml (No such file or directory)
	at java.io.FileInputStream.open0(Native Method) ~[?:1.8.0_191]
	at java.io.FileInputStream.open(FileInputStream.java:195) ~[?:1.8.0_191]
	at java.io.FileInputStream.<init>(FileInputStream.java:138) ~[?:1.8.0_191]
	at java.io.FileInputStream.<init>(FileInputStream.java:93) ~[?:1.8.0_191]
	at sun.net.www.protocol.file.FileURLConnection.connect(FileURLConnection.java:90) ~[?:1.8.0_191]
	at sun.net.www.protocol.file.FileURLConnection.getInputStream(FileURLConnection.java:188) ~[?:1.8.0_191]
	at java.net.URL.openStream(URL.java:1045) ~[?:1.8.0_191]
	at org.springframework.boot.context.logging.LoggingApplicationListener.initializeSystem(LoggingApplicationListener.java:297) ~[spring-boot-2.1.2.RELEASE.jar:2.1.2.RELEASE]
	... 19 more
2020-06-16 15:17:44.709[restartedMain] ERROR [org.springframework.boot.SpringApplication:858]  [,,,]  - Application run failed
java.lang.IllegalStateException: java.io.FileNotFoundException: /log4j2-config.xml (No such file or directory)
	at org.springframework.boot.context.logging.LoggingApplicationListener.initializeSystem(LoggingApplicationListener.java:305) ~[spring-boot-2.1.2.RELEASE.jar:2.1.2.RELEASE]
	at org.springframework.boot.context.logging.LoggingApplicationListener.initialize(LoggingApplicationListener.java:266) ~[spring-boot-2.1.2.RELEASE.jar:2.1.2.RELEASE]
	at org.springframework.boot.context.logging.LoggingApplicationListener.onApplicationEnvironmentPreparedEvent(LoggingApplicationListener.java:229) ~[spring-boot-2.1.2.RELEASE.jar:2.1.2.RELEASE]
	at org.springframework.boot.context.logging.LoggingApplicationListener.onApplicationEvent(LoggingApplicationListener.java:202) ~[spring-boot-2.1.2.RELEASE.jar:2.1.2.RELEASE]
	at org.springframework.context.event.SimpleApplicationEventMulticaster.doInvokeListener(SimpleApplicationEventMulticaster.java:172) ~[spring-context-5.1.4.RELEASE.jar:5.1.4.RELEASE]
	at org.springframework.context.event.SimpleApplicationEventMulticaster.invokeListener(SimpleApplicationEventMulticaster.java:165) ~[spring-context-5.1.4.RELEASE.jar:5.1.4.RELEASE]
	at org.springframework.context.event.SimpleApplicationEventMulticaster.multicastEvent(SimpleApplicationEventMulticaster.java:139) ~[spring-context-5.1.4.RELEASE.jar:5.1.4.RELEASE]
	at org.springframework.context.event.SimpleApplicationEventMulticaster.multicastEvent(SimpleApplicationEventMulticaster.java:127) ~[spring-context-5.1.4.RELEASE.jar:5.1.4.RELEASE]
	at org.springframework.boot.context.event.EventPublishingRunListener.environmentPrepared(EventPublishingRunListener.java:75) ~[spring-boot-2.1.2.RELEASE.jar:2.1.2.RELEASE]
	at org.springframework.boot.SpringApplicationRunListeners.environmentPrepared(SpringApplicationRunListeners.java:54) ~[spring-boot-2.1.2.RELEASE.jar:2.1.2.RELEASE]
	at org.springframework.boot.SpringApplication.prepareEnvironment(SpringApplication.java:347) ~[spring-boot-2.1.2.RELEASE.jar:2.1.2.RELEASE]
	at org.springframework.boot.SpringApplication.run(SpringApplication.java:306) ~[spring-boot-2.1.2.RELEASE.jar:2.1.2.RELEASE]
	at org.springframework.boot.SpringApplication.run(SpringApplication.java:1260) ~[spring-boot-2.1.2.RELEASE.jar:2.1.2.RELEASE]
	at org.springframework.boot.SpringApplication.run(SpringApplication.java:1248) ~[spring-boot-2.1.2.RELEASE.jar:2.1.2.RELEASE]
	at com.coderandyli.logger.LoggerApplication.main(LoggerApplication.java:10) ~[classes/:?]
	at sun.reflect.NativeMethodAccessorImpl.invoke0(Native Method) ~[?:1.8.0_191]
	at sun.reflect.NativeMethodAccessorImpl.invoke(NativeMethodAccessorImpl.java:62) ~[?:1.8.0_191]
	at sun.reflect.DelegatingMethodAccessorImpl.invoke(DelegatingMethodAccessorImpl.java:43) ~[?:1.8.0_191]
	at java.lang.reflect.Method.invoke(Method.java:498) ~[?:1.8.0_191]
	at org.springframework.boot.devtools.restart.RestartLauncher.run(RestartLauncher.java:49) ~[spring-boot-devtools-2.1.2.RELEASE.jar:2.1.2.RELEASE]
Caused by: java.io.FileNotFoundException: /log4j2-config.xml (No such file or directory)
	at java.io.FileInputStream.open0(Native Method) ~[?:1.8.0_191]
	at java.io.FileInputStream.open(FileInputStream.java:195) ~[?:1.8.0_191]
	at java.io.FileInputStream.<init>(FileInputStream.java:138) ~[?:1.8.0_191]
	at java.io.FileInputStream.<init>(FileInputStream.java:93) ~[?:1.8.0_191]
	at sun.net.www.protocol.file.FileURLConnection.connect(FileURLConnection.java:90) ~[?:1.8.0_191]
	at sun.net.www.protocol.file.FileURLConnection.getInputStream(FileURLConnection.java:188) ~[?:1.8.0_191]
	at java.net.URL.openStream(URL.java:1045) ~[?:1.8.0_191]
	at org.springframework.boot.context.logging.LoggingApplicationListener.initializeSystem(LoggingApplicationListener.java:297) ~[spring-boot-2.1.2.RELEASE.jar:2.1.2.RELEASE]
	... 19 more
